# JRE version: Java(TM) SE Runtime Environment (8.0_60-b27) (build 1.8.0_60-b27)
# Java VM: Java HotSpot(TM) 64-Bit Server VM (25.60-b23 mixed mode windows-amd64 compressed oops)
Heap:
 PSYoungGen      total 232448K, used 217562K [0x00000000eab00000, 0x00000000fe400000, 0x0000000100000000)
  eden space 213504K, 93% used [0x00000000eab00000,0x00000000f6d02480,0x00000000f7b80000)
  from space 18944K, 99% used [0x00000000fd180000,0x00000000fe3f4520,0x00000000fe400000)
  to   space 26624K, 0% used [0x00000000fb000000,0x00000000fb000000,0x00000000fca00000)
 ParOldGen       total 100352K, used 52154K [0x00000000c0000000, 0x00000000c6200000, 0x00000000eab00000)
  object space 100352K, 51% used [0x00000000c0000000,0x00000000c32eeb68,0x00000000c6200000)
 Metaspace       used 62272K, capacity 66012K, committed 66048K, reserved 1105920K
  class space    used 8063K, capacity 9184K, committed 9216K, reserved 1048576K
GC Heap History (10 events):
Event: 22.565 GC heap before
{Heap before GC invocations=15 (full 2):
 PSYoungGen      total 187904K, used 173568K [0x00000000eab00000, 0x00000000f7280000, 0x0000000100000000)
  eden space 173568K, 100% used [0x00000000eab00000,0x00000000f5480000,0x00000000f5480000)
  from space 14336K, 0% used [0x00000000f6280000,0x00000000f6280000,0x00000000f7080000)
  to   space 14336K, 0% used [0x00000000f5480000,0x00000000f5480000,0x00000000f6280000)
 ParOldGen       total 100352K, used 22771K [0x00000000c0000000, 0x00000000c6200000, 0x00000000eab00000)
  object space 100352K, 22% used [0x00000000c0000000,0x00000000c163ce30,0x00000000c6200000)
 Metaspace       used 41137K, capacity 42508K, committed 42752K, reserved 1085440K
  class space    used 5607K, capacity 6084K, committed 6144K, reserved 1048576K
Event: 22.598 GC heap after
Heap after GC invocations=15 (full 2):
 PSYoungGen      total 187904K, used 14328K [0x00000000eab00000, 0x00000000fab00000, 0x0000000100000000)
  eden space 173568K, 0% used [0x00000000eab00000,0x00000000eab00000,0x00000000f5480000)
  from space 14336K, 99% used [0x00000000f5480000,0x00000000f627e330,0x00000000f6280000)
  to   space 18944K, 0% used [0x00000000f9880000,0x00000000f9880000,0x00000000fab00000)
 ParOldGen       total 100352K, used 28861K [0x00000000c0000000, 0x00000000c6200000, 0x00000000eab00000)
  object space 100352K, 28% used [0x00000000c0000000,0x00000000c1c2f680,0x00000000c6200000)
 Metaspace       used 41137K, capacity 42508K, committed 42752K, reserved 1085440K
  class space    used 5607K, capacity 6084K, committed 6144K, reserved 1048576K
}
Event: 24.870 GC heap before
{Heap before GC invocations=16 (full 2):
 PSYoungGen      total 187904K, used 154228K [0x00000000eab00000, 0x00000000fab00000, 0x0000000100000000)
  eden space 173568K, 80% used [0x00000000eab00000,0x00000000f339f048,0x00000000f5480000)
  from space 14336K, 99% used [0x00000000f5480000,0x00000000f627e330,0x00000000f6280000)
  to   space 18944K, 0% used [0x00000000f9880000,0x00000000f9880000,0x00000000fab00000)
 ParOldGen       total 100352K, used 28861K [0x00000000c0000000, 0x00000000c6200000, 0x00000000eab00000)
  object space 100352K, 28% used [0x00000000c0000000,0x00000000c1c2f680,0x00000000c6200000)
 Metaspace       used 45376K, capacity 47462K, committed 47616K, reserved 1089536K
  class space    used 6306K, capacity 7068K, committed 7168K, reserved 1048576K
Event: 24.921 GC heap after
Heap after GC invocations=16 (full 2):
 PSYoungGen      total 240640K, used 16456K [0x00000000eab00000, 0x00000000fb000000, 0x0000000100000000)
  eden space 221696K, 0% used [0x00000000eab00000,0x00000000eab00000,0x00000000f8380000)
  from space 18944K, 86% used [0x00000000f9880000,0x00000000fa892078,0x00000000fab00000)
  to   space 21504K, 0% used [0x00000000f8380000,0x00000000f8380000,0x00000000f9880000)
 ParOldGen       total 100352K, used 42574K [0x00000000c0000000, 0x00000000c6200000, 0x00000000eab00000)
  object space 100352K, 42% used [0x00000000c0000000,0x00000000c2993b90,0x00000000c6200000)
 Metaspace       used 45376K, capacity 47462K, committed 47616K, reserved 1089536K
  class space    used 6306K, capacity 7068K, committed 7168K, reserved 1048576K
}
Event: 24.921 GC heap before
{Heap before GC invocations=17 (full 3):
 PSYoungGen      total 240640K, used 16456K [0x00000000eab00000, 0x00000000fb000000, 0x0000000100000000)
  eden space 221696K, 0% used [0x00000000eab00000,0x00000000eab00000,0x00000000f8380000)
  from space 18944K, 86% used [0x00000000f9880000,0x00000000fa892078,0x00000000fab00000)
  to   space 21504K, 0% used [0x00000000f8380000,0x00000000f8380000,0x00000000f9880000)
 ParOldGen       total 100352K, used 42574K [0x00000000c0000000, 0x00000000c6200000, 0x00000000eab00000)
  object space 100352K, 42% used [0x00000000c0000000,0x00000000c2993b90,0x00000000c6200000)
 Metaspace       used 45376K, capacity 47462K, committed 47616K, reserved 1089536K
  class space    used 6306K, capacity 7068K, committed 7168K, reserved 1048576K
Event: 25.386 GC heap after
Heap after GC invocations=17 (full 3):
 PSYoungGen      total 240640K, used 0K [0x00000000eab00000, 0x00000000fb000000, 0x0000000100000000)
  eden space 221696K, 0% used [0x00000000eab00000,0x00000000eab00000,0x00000000f8380000)
  from space 18944K, 0% used [0x00000000f9880000,0x00000000f9880000,0x00000000fab00000)
  to   space 21504K, 0% used [0x00000000f8380000,0x00000000f8380000,0x00000000f9880000)
 ParOldGen       total 100352K, used 52138K [0x00000000c0000000, 0x00000000c6200000, 0x00000000eab00000)
  object space 100352K, 51% used [0x00000000c0000000,0x00000000c32eab68,0x00000000c6200000)
 Metaspace       used 45376K, capacity 47462K, committed 47616K, reserved 1089536K
  class space    used 6306K, capacity 7068K, committed 7168K, reserved 1048576K
}
Event: 44.165 GC heap before
{Heap before GC invocations=18 (full 3):
 PSYoungGen      total 240640K, used 221696K [0x00000000eab00000, 0x00000000fb000000, 0x0000000100000000)
  eden space 221696K, 100% used [0x00000000eab00000,0x00000000f8380000,0x00000000f8380000)
  from space 18944K, 0% used [0x00000000f9880000,0x00000000f9880000,0x00000000fab00000)
  to   space 21504K, 0% used [0x00000000f8380000,0x00000000f8380000,0x00000000f9880000)
 ParOldGen       total 100352K, used 52138K [0x00000000c0000000, 0x00000000c6200000, 0x00000000eab00000)
  object space 100352K, 51% used [0x00000000c0000000,0x00000000c32eab68,0x00000000c6200000)
 Metaspace       used 55446K, capacity 58460K, committed 58624K, reserved 1099776K
  class space    used 7426K, capacity 8389K, committed 8448K, reserved 1048576K
Event: 44.196 GC heap after
Heap after GC invocations=18 (full 3):
 PSYoungGen      total 243200K, used 18533K [0x00000000eab00000, 0x00000000fe900000, 0x0000000100000000)
  eden space 221696K, 0% used [0x00000000eab00000,0x00000000eab00000,0x00000000f8380000)
  from space 21504K, 86% used [0x00000000f8380000,0x00000000f9599420,0x00000000f9880000)
  to   space 24064K, 0% used [0x00000000fd180000,0x00000000fd180000,0x00000000fe900000)
 ParOldGen       total 100352K, used 52146K [0x00000000c0000000, 0x00000000c6200000, 0x00000000eab00000)
  object space 100352K, 51% used [0x00000000c0000000,0x00000000c32ecb68,0x00000000c6200000)
 Metaspace       used 55446K, capacity 58460K, committed 58624K, reserved 1099776K
  class space    used 7426K, capacity 8389K, committed 8448K, reserved 1048576K
}
Event: 7707.779 GC heap before
{Heap before GC invocations=19 (full 3):
 PSYoungGen      total 243200K, used 240229K [0x00000000eab00000, 0x00000000fe900000, 0x0000000100000000)
  eden space 221696K, 100% used [0x00000000eab00000,0x00000000f8380000,0x00000000f8380000)
  from space 21504K, 86% used [0x00000000f8380000,0x00000000f9599420,0x00000000f9880000)
  to   space 24064K, 0% used [0x00000000fd180000,0x00000000fd180000,0x00000000fe900000)
 ParOldGen       total 100352K, used 52146K [0x00000000c0000000, 0x00000000c6200000, 0x00000000eab00000)
  object space 100352K, 51% used [0x00000000c0000000,0x00000000c32ecb68,0x00000000c6200000)
 Metaspace       used 60682K, capacity 64088K, committed 64384K, reserved 1103872K
  class space    used 7887K, capacity 8975K, committed 9088K, reserved 1048576K
Event: 7707.836 GC heap after
Heap after GC invocations=19 (full 3):
 PSYoungGen      total 232448K, used 18897K [0x00000000eab00000, 0x00000000fe400000, 0x0000000100000000)
  eden space 213504K, 0% used [0x00000000eab00000,0x00000000eab00000,0x00000000f7b80000)
  from space 18944K, 99% used [0x00000000fd180000,0x00000000fe3f4520,0x00000000fe400000)
  to   space 26624K, 0% used [0x00000000fb000000,0x00000000fb000000,0x00000000fca00000)
 ParOldGen       total 100352K, used 52154K [0x00000000c0000000, 0x00000000c6200000, 0x00000000eab00000)
  object space 100352K, 51% used [0x00000000c0000000,0x00000000c32eeb68,0x00000000c6200000)
 Metaspace       used 60682K, capacity 64088K, committed 64384K, reserved 1103872K
  class space    used 7887K, capacity 8975K, committed 9088K, reserved 1048576K
}

